{"code":"ENOENT","errno":-4058,"level":"error","path":"D:\\Google Drive\\Full Stack Developer\\Programaci贸n Backend\\Proyecto_Final_30920_Herrera\\db\\users.json","syscall":"open"}
{"level":"error"}
{"code":"ENOENT","errno":-4058,"level":"error","path":"D:\\Google Drive\\Full Stack Developer\\Programaci贸n Backend\\Proyecto_Final_30920_Herrera\\db\\users.json","syscall":"open"}
{"code":"ENOENT","errno":-4058,"level":"error","path":"D:\\Google Drive\\Full Stack Developer\\Programaci贸n Backend\\Proyecto_Final_30920_Herrera\\db\\users.json","syscall":"open"}
{"level":"error"}
{"code":"ENOENT","errno":-4058,"level":"error","path":"D:\\Google Drive\\Full Stack Developer\\Programaci贸n Backend\\Proyecto_Final_30920_Herrera\\db\\users.json","syscall":"open"}
{"level":"error"}
{"level":"error","message":"Error en el servidor null"}
{"level":"error","message":"Error en el servidor null"}
{"level":"error"}
{"level":"error","message":"Error en el servidor null"}
{"level":"error","message":"Error en el servidor null"}
{"level":"error","message":"Error en el servidor null"}
{"level":"error","message":"Error en el servidor null"}
{"level":"error","message":"Error en el servidor null"}
{"level":"error","message":"Error en el servidor null"}
{"level":"error","message":"Error en el servidor null"}
{"level":"error","message":"Error en el servidor null"}
{"level":"error"}
{"level":"error"}
{"level":"error","message":"Error en el servidor null"}
{"level":"error"}
{"level":"error"}
{"level":"error"}
{"level":"error"}
{"level":"error"}
{"level":"error"}
{"level":"error"}
{"level":"error","message":"Error en el servidor null"}
{"level":"error"}
{"level":"error"}
{"level":"error"}
{"level":"error"}
{"level":"error"}
{"level":"error"}
{"level":"error"}
{"level":"error"}
{"level":"error"}
{"level":"error","message":"este"}
{"level":"error","message":"No se ha encontrado el registro con id 5454"}
{"level":"error","message":"No se ha encontrado el registro con id 5454"}
{"level":"error","message":"No se ha encontrado el registro con id 5454"}
{"level":"error","message":"No se ha encontrado el registro con id 5454"}
{"level":"error","message":"No se ha encontrado el registro con id 5454"}
{"level":"error","message":"No se ha encontrado el registro con id 5454"}
{"level":"error","message":"No se ha encontrado el registro con id dff"}
{"level":"error","message":{}}
{"level":"error","message":"products validation failed: thumbnail: Path `thumbnail` is required., price: Path `price` is required., title: Path `title` is required."}
{"level":"error","message":"products validation failed: thumbnail: Path `thumbnail` is required., price: Path `price` is required., title: Path `title` is required."}
{"level":"error","message":"No se ha encontrado el registro con id nacho@gmail.com"}
{"level":"error","message":"No se ha encontrado el registro con id cesar@gmail.com"}
{"level":"error","message":"Error en el servidor null"}
{"level":"error","message":"No se ha encontrado el registro con id herrera.cesar.rrarg@gmail.com"}
{"level":"error","message":"No se ha encontrado el registro con id herreyyra.cesar.arg@gmail.com"}
{"level":"error","message":"Error en el servidor null"}
{"level":"error","message":"Error en el servidor null"}
{"level":"error"}
