
{"level":"warn","message":"ruta /favicon.ico metodo GET no autorizada"}
{"level":"warn","message":"ruta /favicon.ico metodo GET no autorizada"}
{"level":"warn","message":"ruta /favicon.ico metodo GET no autorizada"}
{"level":"warn","message":"ruta /favicon.ico metodo GET no autorizada"}
{"level":"warn","message":"ruta /favicon.ico metodo GET no autorizada"}
{"level":"warn","message":"ruta /favicon.ico metodo GET no autorizada"}
{"level":"warn","message":"ruta /favicon.ico metodo GET no autorizada"}
{"level":"warn","message":"ruta /favicon.ico metodo GET no autorizada"}
{"level":"warn","message":"ruta /favicon.ico metodo GET no autorizada"}
{"level":"warn","message":"ruta /favicon.ico metodo GET no autorizada"}
{"level":"warn","message":"ruta /favicon.ico metodo GET no autorizada"}
{"level":"warn","message":"ruta /favicon.ico metodo GET no autorizada"}
{"level":"warn","message":"ruta /favicon.ico metodo GET no autorizada"}
{"level":"warn","message":"ruta /favicon.ico metodo GET no autorizada"}
{"level":"warn","message":"ruta /favicon.ico metodo GET no autorizada"}
{"level":"warn","message":"ruta /favicon.ico metodo GET no autorizada"}
{"level":"warn","message":"ruta /favicon.ico metodo GET no autorizada"}
{"level":"warn","message":"ruta /favicon.ico metodo GET no autorizada"}
{"level":"warn","message":"ruta /favicon.ico metodo GET no autorizada"}
{"level":"warn","message":"ruta /favicon.ico metodo GET no autorizada"}
{"level":"warn","message":"ruta /favicon.ico metodo GET no autorizada"}
{"level":"warn","message":"ruta /favicon.ico metodo GET no autorizada"}
{"level":"warn","message":"ruta /favicon.ico metodo GET no autorizada"}
{"level":"warn","message":"ruta /favicon.ico metodo GET no autorizada"}
{"level":"warn","message":"ruta /favicon.ico metodo GET no autorizada"}
{"level":"warn","message":"ruta /favicon.ico metodo GET no autorizada"}
{"level":"warn","message":"ruta /favicon.ico metodo GET no autorizada"}
{"level":"warn","message":"ruta /favicon.ico metodo GET no autorizada"}
{"level":"warn","message":"ruta /favicon.ico metodo GET no autorizada"}
{"level":"warn","message":"ruta  metodo GET no autorizada"}
{"level":"warn","message":"ruta /favicon.ico metodo GET no autorizada"}
{"level":"warn","message":"ruta /favicon.ico metodo GET no autorizada"}
{"level":"warn","message":"ruta  metodo GET no autorizada"}
{"level":"warn","message":"ruta /favicon.ico metodo GET no autorizada"}
{"level":"warn","message":"ruta /favicon.ico metodo GET no autorizada"}
{"level":"warn","message":"ruta /favicon.ico metodo GET no autorizada"}
{"level":"warn","message":"ruta /favicon.ico metodo GET no autorizada"}
{"level":"warn","message":"ruta /favicon.ico metodo GET no autorizada"}
{"level":"warn","message":"ruta /favicon.ico metodo GET no autorizada"}
{"level":"warn","message":"ruta /favicon.ico metodo GET no autorizada"}
{"level":"warn","message":"ruta /favicon.ico metodo GET no autorizada"}
{"level":"warn","message":"ruta /favicon.ico metodo GET no autorizada"}
{"level":"warn","message":"ruta /users/login metodo POST no autorizada"}
{"level":"warn","message":"ruta /favicon.ico metodo GET no autorizada"}
{"level":"warn","message":"ruta /favicon.ico metodo GET no autorizada"}
{"level":"warn","message":"ruta /login metodo POST no autorizada"}
{"level":"warn","message":"ruta /favicon.ico metodo GET no autorizada"}
{"level":"warn","message":"ruta /favicon.ico metodo GET no autorizada"}
{"level":"warn","message":"ruta /login metodo POST no autorizada"}
{"level":"warn","message":"ruta /favicon.ico metodo GET no autorizada"}
{"level":"warn","message":"ruta /favicon.ico metodo GET no autorizada"}
{"level":"warn","message":"ruta /favicon.ico metodo GET no autorizada"}
{"level":"warn","message":"ruta /favicon.ico metodo GET no autorizada"}
{"level":"warn","message":"ruta /favicon.ico metodo GET no autorizada"}
{"level":"warn","message":"ruta /favicon.ico metodo GET no autorizada"}
{"level":"warn","message":"ruta /favicon.ico metodo GET no autorizada"}
{"level":"warn","message":"ruta /favicon.ico metodo GET no autorizada"}
{"level":"warn","message":"ruta /favicon.ico metodo GET no autorizada"}
{"level":"warn","message":"ruta /login metodo POST no autorizada"}
{"level":"warn","message":"ruta /favicon.ico metodo GET no autorizada"}
{"level":"warn","message":"ruta /favicon.ico metodo GET no autorizada"}
{"level":"warn","message":"ruta /login metodo POST no autorizada"}
{"level":"warn","message":"ruta /favicon.ico metodo GET no autorizada"}
{"level":"warn","message":"ruta /favicon.ico metodo GET no autorizada"}
{"level":"warn","message":"ruta /login metodo POST no autorizada"}
{"level":"warn","message":"ruta /favicon.ico metodo GET no autorizada"}
{"level":"warn","message":"ruta /login metodo POST no autorizada"}
{"level":"warn","message":"ruta /favicon.ico metodo GET no autorizada"}
{"level":"warn","message":"ruta /favicon.ico metodo GET no autorizada"}
{"level":"warn","message":"ruta /login metodo POST no autorizada"}
{"level":"warn","message":"ruta /favicon.ico metodo GET no autorizada"}
{"level":"warn","message":"ruta /favicon.ico metodo GET no autorizada"}
{"level":"warn","message":"ruta /login metodo POST no autorizada"}
{"level":"warn","message":"ruta /favicon.ico metodo GET no autorizada"}
{"level":"warn","message":"ruta /favicon.ico metodo GET no autorizada"}
{"level":"warn","message":"ruta /login metodo POST no autorizada"}
{"level":"warn","message":"ruta /favicon.ico metodo GET no autorizada"}
{"level":"warn","message":"ruta /favicon.ico metodo GET no autorizada"}
{"level":"warn","message":"ruta /favicon.ico metodo GET no autorizada"}
{"level":"warn","message":"ruta /login metodo POST no autorizada"}
{"level":"warn","message":"ruta /favicon.ico metodo GET no autorizada"}
{"level":"warn","message":"ruta /favicon.ico metodo GET no autorizada"}
{"level":"warn","message":"ruta /favicon.ico metodo GET no autorizada"}
{"level":"warn","message":"ruta /favicon.ico metodo GET no autorizada"}
{"level":"warn","message":"ruta /favicon.ico metodo GET no autorizada"}
{"level":"warn","message":"ruta /favicon.ico metodo GET no autorizada"}
{"level":"warn","message":"ruta /favicon.ico metodo GET no autorizada"}
{"level":"warn","message":"ruta /favicon.ico metodo GET no autorizada"}
{"level":"warn","message":"ruta /favicon.ico metodo GET no autorizada"}
{"level":"warn","message":"ruta /favicon.ico metodo GET no autorizada"}
{"level":"warn","message":"ruta /favicon.ico metodo GET no autorizada"}
{"level":"warn","message":"ruta /favicon.ico metodo GET no autorizada"}
{"level":"warn","message":"ruta /favicon.ico metodo GET no autorizada"}
{"level":"warn","message":"ruta /favicon.ico metodo GET no autorizada"}
{"level":"warn","message":"ruta /favicon.ico metodo GET no autorizada"}
{"level":"warn","message":"ruta /favicon.ico metodo GET no autorizada"}
{"level":"warn","message":"ruta /favicon.ico metodo GET no autorizada"}
{"level":"warn","message":"ruta /favicon.ico metodo GET no autorizada"}
{"level":"warn","message":"ruta /favicon.ico metodo GET no autorizada"}
{"level":"warn","message":"ruta /favicon.ico metodo GET no autorizada"}
{"level":"warn","message":"ruta /favicon.ico metodo GET no autorizada"}
{"level":"warn","message":"ruta /favicon.ico metodo GET no autorizada"}
{"level":"warn","message":"ruta /users/login metodo GET no autorizada"}
{"level":"warn","message":"ruta /favicon.ico metodo GET no autorizada"}
{"level":"warn","message":"ruta /favicon.ico metodo GET no autorizada"}
{"level":"warn","message":"ruta /users/login metodo GET no autorizada"}
{"level":"warn","message":"ruta /favicon.ico metodo GET no autorizada"}
{"level":"warn","message":"ruta /users/login metodo GET no autorizada"}
{"level":"warn","message":"ruta /favicon.ico metodo GET no autorizada"}
{"level":"warn","message":"ruta /users/login metodo GET no autorizada"}
{"level":"warn","message":"ruta /favicon.ico metodo GET no autorizada"}
{"level":"warn","message":"ruta /favicon.ico metodo GET no autorizada"}
{"level":"warn","message":"ruta /favicon.ico metodo GET no autorizada"}
{"level":"warn","message":"ruta /favicon.ico metodo GET no autorizada"}
{"level":"warn","message":"ruta /favicon.ico metodo GET no autorizada"}
{"level":"warn","message":"ruta /favicon.ico metodo GET no autorizada"}
{"level":"warn","message":"ruta /favicon.ico metodo GET no autorizada"}
{"level":"warn","message":"ruta /favicon.ico metodo GET no autorizada"}
{"level":"warn","message":"ruta /favicon.ico metodo GET no autorizada"}
{"level":"warn","message":"ruta /logout.html metodo GET no autorizada"}
{"level":"warn","message":"ruta /favicon.ico metodo GET no autorizada"}
{"level":"warn","message":"ruta /favicon.ico metodo GET no autorizada"}
{"level":"warn","message":"ruta /favicon.ico metodo GET no autorizada"}
{"level":"warn","message":"ruta /favicon.ico metodo GET no autorizada"}
{"level":"warn","message":"ruta /login metodo POST no autorizada"}
{"level":"warn","message":"ruta /favicon.ico metodo GET no autorizada"}
{"level":"warn","message":"ruta /favicon.ico metodo GET no autorizada"}
{"level":"warn","message":"ruta /favicon.ico metodo GET no autorizada"}
{"level":"warn","message":"ruta /favicon.ico metodo GET no autorizada"}
{"level":"warn","message":"ruta /favicon.ico metodo GET no autorizada"}
{"level":"warn","message":"ruta /favicon.ico metodo GET no autorizada"}
{"level":"warn","message":"ruta /logout metodo GET no autorizada"}
{"level":"warn","message":"ruta /logout metodo GET no autorizada"}
{"level":"warn","message":"ruta /logout metodo GET no autorizada"}
{"level":"warn","message":"ruta /logout metodo GET no autorizada"}
{"level":"warn","message":"ruta /logout metodo GET no autorizada"}
{"level":"warn","message":"ruta /logout metodo GET no autorizada"}
{"level":"warn","message":"ruta /logout metodo GET no autorizada"}
{"level":"warn","message":"ruta /logout metodo GET no autorizada"}
{"level":"warn","message":"ruta /logout metodo GET no autorizada"}
{"level":"warn","message":"ruta /logout metodo GET no autorizada"}
{"level":"warn","message":"ruta /logout metodo GET no autorizada"}
{"level":"warn","message":"ruta /logout metodo GET no autorizada"}
{"level":"warn","message":"ruta /logout metodo GET no autorizada"}
{"level":"warn","message":"ruta /logout metodo GET no autorizada"}
{"level":"warn","message":"ruta /logout metodo GET no autorizada"}
{"level":"warn","message":"ruta /logout metodo GET no autorizada"}
{"level":"warn","message":"ruta /favicon.ico metodo GET no autorizada"}
{"level":"warn","message":"ruta /favicon.ico metodo GET no autorizada"}
{"level":"warn","message":"ruta /favicon.ico metodo GET no autorizada"}
{"level":"warn","message":"ruta /favicon.ico metodo GET no autorizada"}
{"level":"warn","message":"ruta /favicon.ico metodo GET no autorizada"}
{"level":"warn","message":"ruta /favicon.ico metodo GET no autorizada"}
{"level":"warn","message":"ruta /favicon.ico metodo GET no autorizada"}
{"level":"warn","message":"ruta /favicon.ico metodo GET no autorizada"}
{"level":"warn","message":"ruta /favicon.ico metodo GET no autorizada"}
{"level":"warn","message":"ruta /favicon.ico metodo GET no autorizada"}
{"level":"warn","message":"ruta /login metodo POST no autorizada"}
{"level":"warn","message":"ruta /cart/1hq1nj5mol7b2xcmw metodo GET no autorizada"}
{"level":"warn","message":"ruta /favicon.ico metodo GET no autorizada"}
{"level":"warn","message":"ruta /favicon.ico metodo GET no autorizada"}
{"level":"warn","message":"ruta /favicon.ico metodo GET no autorizada"}
{"level":"warn","message":"ruta /favicon.ico metodo GET no autorizada"}
{"level":"warn","message":"ruta /favicon.ico metodo GET no autorizada"}
{"level":"warn","message":"ruta /login metodo POST no autorizada"}
{"level":"warn","message":"ruta /favicon.ico metodo GET no autorizada"}
{"level":"warn","message":"ruta /favicon.ico metodo GET no autorizada"}
{"level":"warn","message":"ruta /favicon.ico metodo GET no autorizada"}
{"level":"warn","message":"ruta /favicon.ico metodo GET no autorizada"}
{"level":"warn","message":"ruta /favicon.ico metodo GET no autorizada"}
{"level":"warn","message":"ruta /favicon.ico metodo GET no autorizada"}
{"level":"warn","message":"ruta /favicon.ico metodo GET no autorizada"}
{"level":"warn"}
{"level":"warn"}
{"level":"warn","message":{}}
{"level":"warn"}
{"level":"warn"}
{"level":"warn"}
{"level":"warn"}
{"level":"warn"}
{"level":"warn"}
{"level":"warn"}
{"level":"warn","message":"No se pudo obtener el registro"}
{"level":"warn","message":"No se ha encontrado el registro con id 5454"}
